<?xml version="1.0" encoding="UTF-8"?>
<!-- Generated by org.testng.reporters.JUnitReportReporter -->
<testsuite hostname="LAPTOP-GV7H8U1F" failures="0" tests="1" name="Assignment.Familycare_Login" time="0.393" errors="0" timestamp="2021-12-15T10:58:11 IST" skipped="0">
  <testcase classname="Assignment.Familycare_Login" name="ValidLogin" time="0.393"/>
  <system-out/>
</testsuite> <!-- Assignment.Familycare_Login -->
