<?xml version="1.0" encoding="UTF-8"?>
<!-- Generated by org.testng.reporters.JUnitReportReporter -->
<testsuite hostname="KAUSHAL" failures="0" tests="6" name="Assignment.AmezonProductSearch" time="35.639" errors="0" timestamp="2022-08-29T13:44:43 IST" skipped="0">
  <testcase classname="Assignment.AmezonProductSearch" name="SearchProduct" time="6.900"/>
  <system-out/>
  <testcase classname="Assignment.AmezonProductSearch" name="SearchProduct" time="4.909"/>
  <system-out/>
  <testcase classname="Assignment.AmezonProductSearch" name="SearchProduct" time="5.925"/>
  <system-out/>
  <testcase classname="Assignment.AmezonProductSearch" name="SearchProduct" time="6.795"/>
  <system-out/>
  <testcase classname="Assignment.AmezonProductSearch" name="SearchProduct" time="5.964"/>
  <system-out/>
  <testcase classname="Assignment.AmezonProductSearch" name="SearchProduct" time="5.146"/>
  <system-out/>
</testsuite> <!-- Assignment.AmezonProductSearch -->
