<?xml version="1.0" encoding="UTF-8"?>
<!-- Generated by org.testng.reporters.JUnitReportReporter -->
<testsuite hostname="LAPTOP-GV7H8U1F" failures="0" tests="3" name="testng.RediffLoginTest" time="30.124" errors="0" timestamp="2021-10-12T07:21:47 IST" skipped="0">
  <testcase classname="testng.RediffLoginTest" name="tc01ValidLogin" time="27.381"/>
  <system-out/>
  <testcase classname="testng.RediffLoginTest" name="tc02InvalidLogin" time="1.077"/>
  <system-out/>
  <testcase classname="testng.RediffLoginTest" name="tc03Register" time="1.666"/>
  <system-out/>
</testsuite> <!-- testng.RediffLoginTest -->
